Performing C SOURCE FILE Test CMAKE_HAVE_LIBC_PTHREAD failed with the following output:
Change Dir: /home/aneesh/UbuntuStorage/SSD_Homework/CG_Tute1/Boilerplate2023/build/CMakeFiles/CMakeScratch/TryCompile-iif1bT

Run Build Command(s):/usr/bin/make -f Makefile cmTC_947f7/fast && /usr/bin/make  -f CMakeFiles/cmTC_947f7.dir/build.make CMakeFiles/cmTC_947f7.dir/build
make[1]: Entering directory '/home/aneesh/UbuntuStorage/SSD_Homework/CG_Tute1/Boilerplate2023/build/CMakeFiles/CMakeScratch/TryCompile-iif1bT'
Building C object CMakeFiles/cmTC_947f7.dir/src.c.o
/usr/bin/cc -DCMAKE_HAVE_LIBC_PTHREAD   -o CMakeFiles/cmTC_947f7.dir/src.c.o -c /home/aneesh/UbuntuStorage/SSD_Homework/CG_Tute1/Boilerplate2023/build/CMakeFiles/CMakeScratch/TryCompile-iif1bT/src.c
Linking C executable cmTC_947f7
/opt/cmake-3.25.1-linux-x86_64/bin/cmake -E cmake_link_script CMakeFiles/cmTC_947f7.dir/link.txt --verbose=1
/usr/bin/cc CMakeFiles/cmTC_947f7.dir/src.c.o -o cmTC_947f7 
/usr/bin/ld: CMakeFiles/cmTC_947f7.dir/src.c.o: in function `main':
src.c:(.text+0x46): undefined reference to `pthread_create'
/usr/bin/ld: src.c:(.text+0x52): undefined reference to `pthread_detach'
/usr/bin/ld: src.c:(.text+0x5e): undefined reference to `pthread_cancel'
/usr/bin/ld: src.c:(.text+0x6f): undefined reference to `pthread_join'
collect2: error: ld returned 1 exit status
make[1]: *** [CMakeFiles/cmTC_947f7.dir/build.make:99: cmTC_947f7] Error 1
make[1]: Leaving directory '/home/aneesh/UbuntuStorage/SSD_Homework/CG_Tute1/Boilerplate2023/build/CMakeFiles/CMakeScratch/TryCompile-iif1bT'
make: *** [Makefile:127: cmTC_947f7/fast] Error 2


Source file was:
#include <pthread.h>

static void* test_func(void* data)
{
  return data;
}

int main(void)
{
  pthread_t thread;
  pthread_create(&thread, NULL, test_func, NULL);
  pthread_detach(thread);
  pthread_cancel(thread);
  pthread_join(thread, NULL);
  pthread_atfork(NULL, NULL, NULL);
  pthread_exit(NULL);

  return 0;
}


Determining if the function pthread_create exists in the pthreads failed with the following output:
Change Dir: /home/aneesh/UbuntuStorage/SSD_Homework/CG_Tute1/Boilerplate2023/build/CMakeFiles/CMakeScratch/TryCompile-39ZWMS

Run Build Command(s):/usr/bin/make -f Makefile cmTC_f0d4f/fast && /usr/bin/make  -f CMakeFiles/cmTC_f0d4f.dir/build.make CMakeFiles/cmTC_f0d4f.dir/build
make[1]: Entering directory '/home/aneesh/UbuntuStorage/SSD_Homework/CG_Tute1/Boilerplate2023/build/CMakeFiles/CMakeScratch/TryCompile-39ZWMS'
Building C object CMakeFiles/cmTC_f0d4f.dir/CheckFunctionExists.c.o
/usr/bin/cc   -DCHECK_FUNCTION_EXISTS=pthread_create -o CMakeFiles/cmTC_f0d4f.dir/CheckFunctionExists.c.o -c /home/aneesh/UbuntuStorage/SSD_Homework/CG_Tute1/Boilerplate2023/build/CMakeFiles/CMakeScratch/TryCompile-39ZWMS/CheckFunctionExists.c
Linking C executable cmTC_f0d4f
/opt/cmake-3.25.1-linux-x86_64/bin/cmake -E cmake_link_script CMakeFiles/cmTC_f0d4f.dir/link.txt --verbose=1
/usr/bin/cc  -DCHECK_FUNCTION_EXISTS=pthread_create CMakeFiles/cmTC_f0d4f.dir/CheckFunctionExists.c.o -o cmTC_f0d4f  -lpthreads 
/usr/bin/ld: cannot find -lpthreads
collect2: error: ld returned 1 exit status
make[1]: *** [CMakeFiles/cmTC_f0d4f.dir/build.make:99: cmTC_f0d4f] Error 1
make[1]: Leaving directory '/home/aneesh/UbuntuStorage/SSD_Homework/CG_Tute1/Boilerplate2023/build/CMakeFiles/CMakeScratch/TryCompile-39ZWMS'
make: *** [Makefile:127: cmTC_f0d4f/fast] Error 2



